{"logTime": "0703/160036", "correlationVector":"vHtdbpidZalCLJT4k7CW1i.1","action":"SyncServerConnectionManagerRequest", "result":"SYNC_SERVER_OK", "context":{"environment":"Prod_southeastasia_prod-s01-064-apac-southeastasia", "migrationStage":"NotStarted", "server":"akswtt002000015"}}
{"logTime": "0703/160036", "correlationVector":"vHtdbpidZalCLJT4k7CW1i.2","action":"ProcessGetUpdates", "result":"Done", "context":{"dataType":"Encryption Keys", "deleted":"0", "process_failed_to_decrypt":"0", "process_pending_decryption":"0", "process_success":"1", "total":"1"}}
{"logTime": "0703/160038", "correlationVector":"C9L+Y+tjANiQKY4gOGc8ax","action":"SyncServerConnectionManagerRequest", "result":"SYNC_SERVER_OK", "context":{"environment":"", "migrationStage":"", "server":""}}
{"logTime": "0703/160038", "correlationVector":"C9L+Y+tjANiQKY4gOGc8ax.0","action":"EncryptionKeysFetcher.DownloadKeys:", "result":"Success", "context":Key count: 6, Last key timestamp: 2026-05-14T17:24:15Z}
{"logTime": "0703/160038", "correlationVector":"C9L+Y+tjANiQKY4gOGc8ax.1","action":"EncryptionKeysManager::SetEncryptionKeys:", "result":"Success", "context":Key names[6]:[yDw45ClEXKqrDzDzt1E6o5OsjZ6eFd0zA93KNss3Lpda320j24Xp+vWy1jono9FNmPLTN69988r2/EJKl1I4sA==][hvteqjGGoyVNL75tQ/KjyaBtyw6d6Nwgvqcu/1jfm8VqNM6v0f1K07hp8C0Dj7bjHb3oCtjCUUXKYEc0TFs+UQ==][KKuBpWDCw4+DDax/HDPxkKExF4VICS9/Gp4PhrwOUdWcDMonFbgXfHeSNSFIH41u4r/E7Xyea9JzCV0hZb9zZw==][edeY+YYM1aRs+D+YckGwkqZG92X0TzvUnvemSNUnaCq5qM1JWv29CMzIzsOSLjlgmWHMeGWYx4SZaJDAprduQA==][kYw8bN9BYdPbv5nEMShm/Ocnwl9aJUv+FkSNZzvbx42A/5BnQ1CLA4CWioWEHgGo5yQ9WaQfHhjB2oeQSl84hQ==][1U/CsTkdNrwKs8KX2x5gYA8FbCb6jimKvTCEGQ272JzyR4PsX6KkOYTRgV4ZDSTCOzgLI5hBGGpbzk+OLiuLSQ==]}
{"logTime": "0703/160038", "correlationVector":"C9L+Y+tjANiQKY4gOGc8ax.2","action":"EncryptionKeysManager::SetEncryptionKeysWithTimestamps:", "result":"Success", "context":Key timestamps[6]:[2024-09-07T15:30:11Z][2024-12-04T11:06:45Z][2024-12-08T06:05:42Z][2025-05-08T18:17:23Z][2025-11-08T06:02:47Z][2026-05-14T17:24:15Z]}
{"logTime": "0703/160038", "correlationVector":"vHtdbpidZalCLJT4k7CW1i","action":"Initial GetUpdates", "result":"", "context":Reason: NEW_CLIENT. cV=vHtdbpidZalCLJT4k7CW1i}
{"logTime": "0703/160038", "correlationVector":"vHtdbpidZalCLJT4k7CW1i.3","action":"GetUpdates Response", "result":"Success", "context":Received 1 update(s). cV=vHtdbpidZalCLJT4k7CW1i.0;server=akswtt002000015;cloudType=Consumer;environment=Prod_southeastasia_prod-s01-064-apac-southeastasia;migrationStage=NotStarted}
{"logTime": "0703/160038", "correlationVector":"DTTbVh9exqnQYiwh57jzWs","action":"Initial GetUpdates", "result":"", "context":Reason: NEWLY_SUPPORTED_DATATYPE. cV=DTTbVh9exqnQYiwh57jzWs}
{"logTime": "0703/160038", "correlationVector":"DTTbVh9exqnQYiwh57jzWs.1","action":"SyncServerConnectionManagerRequest", "result":"SYNC_SERVER_OK", "context":{"environment":"Prod_southeastasia_prod-s01-064-apac-southeastasia", "migrationStage":"NotStarted", "server":"akswtt00200000t"}}
{"logTime": "0703/160038", "correlationVector":"DTTbVh9exqnQYiwh57jzWs.2","action":"ProcessGetUpdates", "result":"Done", "context":{"dataType":"Preferences", "deleted":"0", "process_failed_to_decrypt":"0", "process_pending_decryption":"0", "process_success":"91", "total":"91"}}
{"logTime": "0703/160038", "correlationVector":"DTTbVh9exqnQYiwh57jzWs.3","action":"ProcessGetUpdates", "result":"Done", "context":{"dataType":"Passwords", "deleted":"0", "process_failed_to_decrypt":"0", "process_pending_decryption":"0", "process_success":"23", "total":"23"}}
{"logTime": "0703/160038", "correlationVector":"DTTbVh9exqnQYiwh57jzWs.4","action":"ProcessGetUpdates", "result":"Done", "context":{"dataType":"Device Info", "deleted":"0", "process_failed_to_decrypt":"0", "process_pending_decryption":"0", "process_success":"5", "total":"5"}}
{"logTime": "0703/160038", "correlationVector":"DTTbVh9exqnQYiwh57jzWs.5","action":"GetUpdates Response", "result":"Success", "context":Received 119 update(s). cV=DTTbVh9exqnQYiwh57jzWs.0;server=akswtt00200000t;cloudType=Consumer;environment=Prod_southeastasia_prod-s01-064-apac-southeastasia;migrationStage=NotStarted}
{"logTime": "0703/160038", "correlationVector":"J115BtQdNCJ960MMBwcPXU","action":"Initial GetUpdates", "result":"", "context":Reason: NEWLY_SUPPORTED_DATATYPE. cV=J115BtQdNCJ960MMBwcPXU}
{"logTime": "0703/160039", "correlationVector":"J115BtQdNCJ960MMBwcPXU.1","action":"SyncServerConnectionManagerRequest", "result":"SYNC_SERVER_OK", "context":{"environment":"Prod_southeastasia_prod-s01-064-apac-southeastasia", "migrationStage":"NotStarted", "server":"akswtt00200000n"}}
{"logTime": "0703/160039", "correlationVector":"J115BtQdNCJ960MMBwcPXU.2","action":"ProcessGetUpdates", "result":"Done", "context":{"dataType":"Bookmarks", "deleted":"0", "process_failed_to_decrypt":"0", "process_pending_decryption":"0", "process_success":"18", "total":"18"}}
{"logTime": "0703/160039", "correlationVector":"J115BtQdNCJ960MMBwcPXU.3","action":"GetUpdates Response", "result":"Success", "context":Received 18 update(s). cV=J115BtQdNCJ960MMBwcPXU.0;server=akswtt00200000n;cloudType=Consumer;environment=Prod_southeastasia_prod-s01-064-apac-southeastasia;migrationStage=NotStarted}
{"logTime": "0703/160039", "correlationVector":"cL7At+3dOXhWqYK0mxRij3","action":"Initial GetUpdates", "result":"", "context":Reason: NEWLY_SUPPORTED_DATATYPE. cV=cL7At+3dOXhWqYK0mxRij3}
{"logTime": "0703/160039", "correlationVector":"cL7At+3dOXhWqYK0mxRij3.1","action":"SyncServerConnectionManagerRequest", "result":"SYNC_SERVER_OK", "context":{"environment":"Prod_southeastasia_prod-s01-064-apac-southeastasia", "migrationStage":"NotStarted", "server":"akswtt00200000b"}}
{"logTime": "0703/160039", "correlationVector":"cL7At+3dOXhWqYK0mxRij3.2","action":"ProcessGetUpdates", "result":"Done", "context":{"dataType":"Autofill Profiles", "deleted":"25", "process_failed_to_decrypt":"0", "process_pending_decryption":"0", "process_success":"47", "total":"47"}}
{"logTime": "0703/160039", "correlationVector":"cL7At+3dOXhWqYK0mxRij3.3","action":"ProcessGetUpdates", "result":"Done", "context":{"dataType":"Autofill", "deleted":"0", "process_failed_to_decrypt":"0", "process_pending_decryption":"0", "process_success":"194", "total":"194"}}
{"logTime": "0703/160039", "correlationVector":"cL7At+3dOXhWqYK0mxRij3.4","action":"ProcessGetUpdates", "result":"Done", "context":{"dataType":"Extensions", "deleted":"0", "process_failed_to_decrypt":"0", "process_pending_decryption":"0", "process_success":"1", "total":"1"}}
{"logTime": "0703/160039", "correlationVector":"cL7At+3dOXhWqYK0mxRij3.5","action":"ProcessGetUpdates", "result":"Done", "context":{"dataType":"Extension settings", "deleted":"0", "process_failed_to_decrypt":"0", "process_pending_decryption":"0", "process_success":"1", "total":"1"}}
{"logTime": "0703/160039", "correlationVector":"cL7At+3dOXhWqYK0mxRij3.6","action":"ProcessGetUpdates", "result":"Done", "context":{"dataType":"Web Apps", "deleted":"0", "process_failed_to_decrypt":"0", "process_pending_decryption":"0", "process_success":"2", "total":"2"}}
{"logTime": "0703/160039", "correlationVector":"cL7At+3dOXhWqYK0mxRij3.7","action":"ProcessGetUpdates", "result":"Done", "context":{"dataType":"Edge Hub App Usage", "deleted":"4", "process_failed_to_decrypt":"0", "process_pending_decryption":"0", "process_success":"5", "total":"5"}}
{"logTime": "0703/160039", "correlationVector":"cL7At+3dOXhWqYK0mxRij3.8","action":"GetUpdates Response", "result":"Success", "context":Received 250 update(s). cV=cL7At+3dOXhWqYK0mxRij3.0;server=akswtt00200000b;cloudType=Consumer;environment=Prod_southeastasia_prod-s01-064-apac-southeastasia;migrationStage=NotStarted Some updates remain.}
{"logTime": "0703/160039", "correlationVector":"k9zG961KbtQ3Dk5SKv27Wu","action":"Initial GetUpdates", "result":"", "context":Reason: NEWLY_SUPPORTED_DATATYPE. cV=k9zG961KbtQ3Dk5SKv27Wu}
{"logTime": "0703/160040", "correlationVector":"k9zG961KbtQ3Dk5SKv27Wu.1","action":"SyncServerConnectionManagerRequest", "result":"SYNC_SERVER_OK", "context":{"environment":"Prod_southeastasia_prod-s01-064-apac-southeastasia", "migrationStage":"NotStarted", "server":"akswtt00200000p"}}
{"logTime": "0703/160040", "correlationVector":"k9zG961KbtQ3Dk5SKv27Wu.2","action":"ProcessGetUpdates", "result":"Done", "context":{"dataType":"Autofill", "deleted":"0", "process_failed_to_decrypt":"0", "process_pending_decryption":"0", "process_success":"250", "total":"250"}}
{"logTime": "0703/160040", "correlationVector":"k9zG961KbtQ3Dk5SKv27Wu.3","action":"GetUpdates Response", "result":"Success", "context":Received 250 update(s). cV=k9zG961KbtQ3Dk5SKv27Wu.0;server=akswtt00200000p;cloudType=Consumer;environment=Prod_southeastasia_prod-s01-064-apac-southeastasia;migrationStage=NotStarted Some updates remain.}
{"logTime": "0703/160040", "correlationVector":"HsUQGDuqHXVMoadDIKo22o","action":"Initial GetUpdates", "result":"", "context":Reason: NEWLY_SUPPORTED_DATATYPE. cV=HsUQGDuqHXVMoadDIKo22o}
{"logTime": "0703/160041", "correlationVector":"HsUQGDuqHXVMoadDIKo22o.1","action":"SyncServerConnectionManagerRequest", "result":"SYNC_SERVER_OK", "context":{"environment":"Prod_southeastasia_prod-s01-064-apac-southeastasia", "migrationStage":"NotStarted", "server":"akswtt00200000y"}}
{"logTime": "0703/160041", "correlationVector":"HsUQGDuqHXVMoadDIKo22o.2","action":"ProcessGetUpdates", "result":"Done", "context":{"dataType":"Autofill", "deleted":"0", "process_failed_to_decrypt":"0", "process_pending_decryption":"0", "process_success":"64", "total":"64"}}
{"logTime": "0703/160041", "correlationVector":"HsUQGDuqHXVMoadDIKo22o.3","action":"ProcessGetUpdates", "result":"Done", "context":{"dataType":"Extensions", "deleted":"2", "process_failed_to_decrypt":"0", "process_pending_decryption":"0", "process_success":"2", "total":"2"}}
{"logTime": "0703/160041", "correlationVector":"HsUQGDuqHXVMoadDIKo22o.4","action":"ProcessGetUpdates", "result":"Done", "context":{"dataType":"Sessions", "deleted":"173", "process_failed_to_decrypt":"0", "process_pending_decryption":"0", "process_success":"173", "total":"173"}}
{"logTime": "0703/160041", "correlationVector":"HsUQGDuqHXVMoadDIKo22o.5","action":"ProcessGetUpdates", "result":"Done", "context":{"dataType":"Extension settings", "deleted":"9", "process_failed_to_decrypt":"0", "process_pending_decryption":"0", "process_success":"9", "total":"9"}}
{"logTime": "0703/160041", "correlationVector":"HsUQGDuqHXVMoadDIKo22o.6","action":"ProcessGetUpdates", "result":"Done", "context":{"dataType":"WebAuthn Credentials", "deleted":"0", "process_failed_to_decrypt":"0", "process_pending_decryption":"0", "process_success":"1", "total":"1"}}
{"logTime": "0703/160041", "correlationVector":"HsUQGDuqHXVMoadDIKo22o.7","action":"ProcessGetUpdates", "result":"Done", "context":{"dataType":"Edge Hub App Usage", "deleted":"0", "process_failed_to_decrypt":"0", "process_pending_decryption":"0", "process_success":"1", "total":"1"}}
{"logTime": "0703/160041", "correlationVector":"HsUQGDuqHXVMoadDIKo22o.8","action":"GetUpdates Response", "result":"Success", "context":Received 250 update(s). cV=HsUQGDuqHXVMoadDIKo22o.0;server=akswtt00200000y;cloudType=Consumer;environment=Prod_southeastasia_prod-s01-064-apac-southeastasia;migrationStage=NotStarted Some updates remain.}
{"logTime": "0703/160041", "correlationVector":"cdgB6rVF8MzZZW380mYB91","action":"Initial GetUpdates", "result":"", "context":Reason: NEWLY_SUPPORTED_DATATYPE. cV=cdgB6rVF8MzZZW380mYB91}
{"logTime": "0703/160041", "correlationVector":"cdgB6rVF8MzZZW380mYB91.1","action":"SyncServerConnectionManagerRequest", "result":"SYNC_SERVER_OK", "context":{"environment":"Prod_southeastasia_prod-s01-064-apac-southeastasia", "migrationStage":"NotStarted", "server":"akswtt00200001b"}}
{"logTime": "0703/160041", "correlationVector":"cdgB6rVF8MzZZW380mYB91.2","action":"ProcessGetUpdates", "result":"Done", "context":{"dataType":"Autofill", "deleted":"0", "process_failed_to_decrypt":"0", "process_pending_decryption":"0", "process_success":"250", "total":"250"}}
{"logTime": "0703/160041", "correlationVector":"cdgB6rVF8MzZZW380mYB91.3","action":"GetUpdates Response", "result":"Success", "context":Received 250 update(s). cV=cdgB6rVF8MzZZW380mYB91.0;server=akswtt00200001b;cloudType=Consumer;environment=Prod_southeastasia_prod-s01-064-apac-southeastasia;migrationStage=NotStarted Some updates remain.}
{"logTime": "0703/160041", "correlationVector":"GrubX+rUzBEfvnxl54iuxy","action":"Initial GetUpdates", "result":"", "context":Reason: NEWLY_SUPPORTED_DATATYPE. cV=GrubX+rUzBEfvnxl54iuxy}
{"logTime": "0703/160042", "correlationVector":"GrubX+rUzBEfvnxl54iuxy.1","action":"SyncServerConnectionManagerRequest", "result":"SYNC_SERVER_OK", "context":{"environment":"Prod_southeastasia_prod-s01-064-apac-southeastasia", "migrationStage":"NotStarted", "server":"akswtt002000002"}}
{"logTime": "0703/160042", "correlationVector":"GrubX+rUzBEfvnxl54iuxy.2","action":"ProcessGetUpdates", "result":"Done", "context":{"dataType":"Autofill", "deleted":"0", "process_failed_to_decrypt":"0", "process_pending_decryption":"0", "process_success":"126", "total":"126"}}
{"logTime": "0703/160042", "correlationVector":"GrubX+rUzBEfvnxl54iuxy.3","action":"ProcessGetUpdates", "result":"Done", "context":{"dataType":"Sessions", "deleted":"120", "process_failed_to_decrypt":"0", "process_pending_decryption":"0", "process_success":"120", "total":"120"}}
{"logTime": "0703/160042", "correlationVector":"GrubX+rUzBEfvnxl54iuxy.4","action":"ProcessGetUpdates", "result":"Done", "context":{"dataType":"History Delete Directives", "deleted":"0", "process_failed_to_decrypt":"0", "process_pending_decryption":"0", "process_success":"1", "total":"1"}}
{"logTime": "0703/160042", "correlationVector":"GrubX+rUzBEfvnxl54iuxy.5","action":"ProcessGetUpdates", "result":"Done", "context":{"dataType":"Edge Hub App Usage", "deleted":"3", "process_failed_to_decrypt":"0", "process_pending_decryption":"0", "process_success":"3", "total":"3"}}
{"logTime": "0703/160042", "correlationVector":"GrubX+rUzBEfvnxl54iuxy.6","action":"GetUpdates Response", "result":"Success", "context":Received 250 update(s). cV=GrubX+rUzBEfvnxl54iuxy.0;server=akswtt002000002;cloudType=Consumer;environment=Prod_southeastasia_prod-s01-064-apac-southeastasia;migrationStage=NotStarted Some updates remain.}
{"logTime": "0703/160042", "correlationVector":"IpdkwTS3ZEEAAuiiLwjoXf","action":"Initial GetUpdates", "result":"", "context":Reason: NEWLY_SUPPORTED_DATATYPE. cV=IpdkwTS3ZEEAAuiiLwjoXf}
{"logTime": "0703/160042", "correlationVector":"IpdkwTS3ZEEAAuiiLwjoXf.1","action":"SyncServerConnectionManagerRequest", "result":"SYNC_SERVER_OK", "context":{"environment":"Prod_southeastasia_prod-s01-064-apac-southeastasia", "migrationStage":"NotStarted", "server":"akswtt002000011"}}
{"logTime": "0703/160042", "correlationVector":"IpdkwTS3ZEEAAuiiLwjoXf.2","action":"ProcessGetUpdates", "result":"Done", "context":{"dataType":"Autofill Profiles", "deleted":"6", "process_failed_to_decrypt":"0", "process_pending_decryption":"0", "process_success":"6", "total":"6"}}
{"logTime": "0703/160042", "correlationVector":"IpdkwTS3ZEEAAuiiLwjoXf.3","action":"ProcessGetUpdates", "result":"Done", "context":{"dataType":"Autofill", "deleted":"0", "process_failed_to_decrypt":"0", "process_pending_decryption":"0", "process_success":"15", "total":"15"}}
{"logTime": "0703/160042", "correlationVector":"IpdkwTS3ZEEAAuiiLwjoXf.4","action":"ProcessGetUpdates", "result":"Done", "context":{"dataType":"Extensions", "deleted":"0", "process_failed_to_decrypt":"0", "process_pending_decryption":"0", "process_success":"1", "total":"1"}}
{"logTime": "0703/160042", "correlationVector":"IpdkwTS3ZEEAAuiiLwjoXf.5","action":"ProcessGetUpdates", "result":"Done", "context":{"dataType":"Sessions", "deleted":"220", "process_failed_to_decrypt":"0", "process_pending_decryption":"0", "process_success":"220", "total":"220"}}
{"logTime": "0703/160042", "correlationVector":"IpdkwTS3ZEEAAuiiLwjoXf.6","action":"ProcessGetUpdates", "result":"Done", "context":{"dataType":"Edge Hub App Usage", "deleted":"4", "process_failed_to_decrypt":"0", "process_pending_decryption":"0", "process_success":"8", "total":"8"}}
{"logTime": "0703/160042", "correlationVector":"IpdkwTS3ZEEAAuiiLwjoXf.7","action":"GetUpdates Response", "result":"Success", "context":Received 250 update(s). cV=IpdkwTS3ZEEAAuiiLwjoXf.0;server=akswtt002000011;cloudType=Consumer;environment=Prod_southeastasia_prod-s01-064-apac-southeastasia;migrationStage=NotStarted Some updates remain.}
{"logTime": "0703/160042", "correlationVector":"rTBQ+v5gNr7BDJaFhOugLF","action":"Initial GetUpdates", "result":"", "context":Reason: NEWLY_SUPPORTED_DATATYPE. cV=rTBQ+v5gNr7BDJaFhOugLF}
{"logTime": "0703/160042", "correlationVector":"rTBQ+v5gNr7BDJaFhOugLF.1","action":"SyncServerConnectionManagerRequest", "result":"SYNC_SERVER_OK", "context":{"environment":"Prod_southeastasia_prod-s01-064-apac-southeastasia", "migrationStage":"NotStarted", "server":"akswtt00200001d"}}
{"logTime": "0703/160042", "correlationVector":"rTBQ+v5gNr7BDJaFhOugLF.2","action":"ProcessGetUpdates", "result":"Done", "context":{"dataType":"Autofill Profiles", "deleted":"0", "process_failed_to_decrypt":"0", "process_pending_decryption":"0", "process_success":"3", "total":"3"}}
{"logTime": "0703/160042", "correlationVector":"rTBQ+v5gNr7BDJaFhOugLF.3","action":"ProcessGetUpdates", "result":"Done", "context":{"dataType":"Autofill", "deleted":"0", "process_failed_to_decrypt":"0", "process_pending_decryption":"0", "process_success":"68", "total":"68"}}
{"logTime": "0703/160042", "correlationVector":"rTBQ+v5gNr7BDJaFhOugLF.4","action":"ProcessGetUpdates", "result":"Done", "context":{"dataType":"Extensions", "deleted":"0", "process_failed_to_decrypt":"0", "process_pending_decryption":"0", "process_success":"1", "total":"1"}}
{"logTime": "0703/160042", "correlationVector":"rTBQ+v5gNr7BDJaFhOugLF.5","action":"ProcessGetUpdates", "result":"Done", "context":{"dataType":"Sessions", "deleted":"90", "process_failed_to_decrypt":"0", "process_pending_decryption":"0", "process_success":"97", "total":"97"}}
{"logTime": "0703/160042", "correlationVector":"rTBQ+v5gNr7BDJaFhOugLF.6","action":"GetUpdates Response", "result":"Success", "context":Received 169 update(s). cV=rTBQ+v5gNr7BDJaFhOugLF.0;server=akswtt00200001d;cloudType=Consumer;environment=Prod_southeastasia_prod-s01-064-apac-southeastasia;migrationStage=NotStarted}
{"logTime": "0703/160043", "correlationVector":"ABdG6gF46Qts6AAoGo+BjY","action":"Initial GetUpdates", "result":"", "context":Reason: NEWLY_SUPPORTED_DATATYPE. cV=ABdG6gF46Qts6AAoGo+BjY}
{"logTime": "0703/160043", "correlationVector":"ABdG6gF46Qts6AAoGo+BjY.1","action":"SyncServerConnectionManagerRequest", "result":"SYNC_SERVER_OK", "context":{"environment":"Prod_southeastasia_prod-s01-064-apac-southeastasia", "migrationStage":"NotStarted", "server":"akswtt00200001b"}}
{"logTime": "0703/160043", "correlationVector":"ABdG6gF46Qts6AAoGo+BjY.2","action":"ProcessGetUpdates", "result":"Done", "context":{"dataType":"History", "deleted":"0", "process_failed_to_decrypt":"0", "process_pending_decryption":"0", "process_success":"250", "total":"250"}}
{"logTime": "0703/160043", "correlationVector":"ABdG6gF46Qts6AAoGo+BjY.3","action":"GetUpdates Response", "result":"Success", "context":Received 250 update(s). cV=ABdG6gF46Qts6AAoGo+BjY.0;server=akswtt00200001b;cloudType=Consumer;environment=Prod_southeastasia_prod-s01-064-apac-southeastasia;migrationStage=NotStarted Some updates remain.}
{"logTime": "0703/160043", "correlationVector":"mKio/CztIFPvjbdQg8Gykh","action":"Initial GetUpdates", "result":"", "context":Reason: NEWLY_SUPPORTED_DATATYPE. cV=mKio/CztIFPvjbdQg8Gykh}
{"logTime": "0703/160044", "correlationVector":"mKio/CztIFPvjbdQg8Gykh.1","action":"SyncServerConnectionManagerRequest", "result":"SYNC_SERVER_OK", "context":{"environment":"Prod_southeastasia_prod-s01-064-apac-southeastasia", "migrationStage":"NotStarted", "server":"akswtt00200000r"}}
{"logTime": "0703/160044", "correlationVector":"mKio/CztIFPvjbdQg8Gykh.2","action":"ProcessGetUpdates", "result":"Done", "context":{"dataType":"History", "deleted":"0", "process_failed_to_decrypt":"0", "process_pending_decryption":"0", "process_success":"250", "total":"250"}}
{"logTime": "0703/160044", "correlationVector":"mKio/CztIFPvjbdQg8Gykh.3","action":"GetUpdates Response", "result":"Success", "context":Received 250 update(s). cV=mKio/CztIFPvjbdQg8Gykh.0;server=akswtt00200000r;cloudType=Consumer;environment=Prod_southeastasia_prod-s01-064-apac-southeastasia;migrationStage=NotStarted Some updates remain.}
{"logTime": "0703/160044", "correlationVector":"QeZLStTI8kZrz85dE3DcET","action":"Initial GetUpdates", "result":"", "context":Reason: NEWLY_SUPPORTED_DATATYPE. cV=QeZLStTI8kZrz85dE3DcET}
{"logTime": "0703/160044", "correlationVector":"QeZLStTI8kZrz85dE3DcET.1","action":"SyncServerConnectionManagerRequest", "result":"SYNC_SERVER_OK", "context":{"environment":"Prod_southeastasia_prod-s01-064-apac-southeastasia", "migrationStage":"NotStarted", "server":"akswtt00200001o"}}
{"logTime": "0703/160044", "correlationVector":"QeZLStTI8kZrz85dE3DcET.2","action":"ProcessGetUpdates", "result":"Done", "context":{"dataType":"History", "deleted":"0", "process_failed_to_decrypt":"0", "process_pending_decryption":"0", "process_success":"250", "total":"250"}}
{"logTime": "0703/160044", "correlationVector":"QeZLStTI8kZrz85dE3DcET.3","action":"GetUpdates Response", "result":"Success", "context":Received 250 update(s). cV=QeZLStTI8kZrz85dE3DcET.0;server=akswtt00200001o;cloudType=Consumer;environment=Prod_southeastasia_prod-s01-064-apac-southeastasia;migrationStage=NotStarted Some updates remain.}
{"logTime": "0703/160044", "correlationVector":"+PJACIrA/SvKBl/f7TJQSC","action":"Initial GetUpdates", "result":"", "context":Reason: NEWLY_SUPPORTED_DATATYPE. cV=+PJACIrA/SvKBl/f7TJQSC}
{"logTime": "0703/160045", "correlationVector":"+PJACIrA/SvKBl/f7TJQSC.1","action":"SyncServerConnectionManagerRequest", "result":"SYNC_SERVER_OK", "context":{"environment":"Prod_southeastasia_prod-s01-064-apac-southeastasia", "migrationStage":"NotStarted", "server":"akswtt002000001"}}
{"logTime": "0703/160045", "correlationVector":"+PJACIrA/SvKBl/f7TJQSC.2","action":"ProcessGetUpdates", "result":"Done", "context":{"dataType":"History", "deleted":"0", "process_failed_to_decrypt":"0", "process_pending_decryption":"0", "process_success":"250", "total":"250"}}
{"logTime": "0703/160045", "correlationVector":"+PJACIrA/SvKBl/f7TJQSC.3","action":"GetUpdates Response", "result":"Success", "context":Received 250 update(s). cV=+PJACIrA/SvKBl/f7TJQSC.0;server=akswtt002000001;cloudType=Consumer;environment=Prod_southeastasia_prod-s01-064-apac-southeastasia;migrationStage=NotStarted Some updates remain.}
{"logTime": "0703/160045", "correlationVector":"fLjfueu4WizxjEqdOI48Gg","action":"Initial GetUpdates", "result":"", "context":Reason: NEWLY_SUPPORTED_DATATYPE. cV=fLjfueu4WizxjEqdOI48Gg}
{"logTime": "0703/160045", "correlationVector":"fLjfueu4WizxjEqdOI48Gg.1","action":"SyncServerConnectionManagerRequest", "result":"SYNC_SERVER_OK", "context":{"environment":"Prod_southeastasia_prod-s01-064-apac-southeastasia", "migrationStage":"NotStarted", "server":"akswtt00200001d"}}
{"logTime": "0703/160045", "correlationVector":"fLjfueu4WizxjEqdOI48Gg.2","action":"ProcessGetUpdates", "result":"Done", "context":{"dataType":"History", "deleted":"0", "process_failed_to_decrypt":"0", "process_pending_decryption":"0", "process_success":"250", "total":"250"}}
{"logTime": "0703/160045", "correlationVector":"fLjfueu4WizxjEqdOI48Gg.3","action":"GetUpdates Response", "result":"Success", "context":Received 250 update(s). cV=fLjfueu4WizxjEqdOI48Gg.0;server=akswtt00200001d;cloudType=Consumer;environment=Prod_southeastasia_prod-s01-064-apac-southeastasia;migrationStage=NotStarted Some updates remain.}
{"logTime": "0703/160045", "correlationVector":"S2tyeq0LBAUa0r3wSDXqNi","action":"Initial GetUpdates", "result":"", "context":Reason: NEWLY_SUPPORTED_DATATYPE. cV=S2tyeq0LBAUa0r3wSDXqNi}
{"logTime": "0703/160046", "correlationVector":"S2tyeq0LBAUa0r3wSDXqNi.1","action":"SyncServerConnectionManagerRequest", "result":"SYNC_SERVER_OK", "context":{"environment":"Prod_southeastasia_prod-s01-064-apac-southeastasia", "migrationStage":"NotStarted", "server":"akswtt00200001d"}}
{"logTime": "0703/160046", "correlationVector":"S2tyeq0LBAUa0r3wSDXqNi.2","action":"ProcessGetUpdates", "result":"Done", "context":{"dataType":"History", "deleted":"0", "process_failed_to_decrypt":"0", "process_pending_decryption":"0", "process_success":"250", "total":"250"}}
{"logTime": "0703/160046", "correlationVector":"S2tyeq0LBAUa0r3wSDXqNi.3","action":"GetUpdates Response", "result":"Success", "context":Received 250 update(s). cV=S2tyeq0LBAUa0r3wSDXqNi.0;server=akswtt00200001d;cloudType=Consumer;environment=Prod_southeastasia_prod-s01-064-apac-southeastasia;migrationStage=NotStarted Some updates remain.}
{"logTime": "0703/160046", "correlationVector":"enBMOMTYfd8LgIxE7+Zv4B","action":"Initial GetUpdates", "result":"", "context":Reason: NEWLY_SUPPORTED_DATATYPE. cV=enBMOMTYfd8LgIxE7+Zv4B}
{"logTime": "0703/160047", "correlationVector":"enBMOMTYfd8LgIxE7+Zv4B.1","action":"SyncServerConnectionManagerRequest", "result":"SYNC_SERVER_OK", "context":{"environment":"Prod_southeastasia_prod-s01-064-apac-southeastasia", "migrationStage":"NotStarted", "server":"akswtt00200000n"}}
{"logTime": "0703/160047", "correlationVector":"enBMOMTYfd8LgIxE7+Zv4B.2","action":"ProcessGetUpdates", "result":"Done", "context":{"dataType":"History", "deleted":"0", "process_failed_to_decrypt":"0", "process_pending_decryption":"0", "process_success":"250", "total":"250"}}
{"logTime": "0703/160047", "correlationVector":"enBMOMTYfd8LgIxE7+Zv4B.3","action":"GetUpdates Response", "result":"Success", "context":Received 250 update(s). cV=enBMOMTYfd8LgIxE7+Zv4B.0;server=akswtt00200000n;cloudType=Consumer;environment=Prod_southeastasia_prod-s01-064-apac-southeastasia;migrationStage=NotStarted Some updates remain.}
{"logTime": "0703/160047", "correlationVector":"V0vcu0tf5fYg/d5rPKfcpx","action":"Initial GetUpdates", "result":"", "context":Reason: NEWLY_SUPPORTED_DATATYPE. cV=V0vcu0tf5fYg/d5rPKfcpx}
{"logTime": "0703/160048", "correlationVector":"V0vcu0tf5fYg/d5rPKfcpx.1","action":"SyncServerConnectionManagerRequest", "result":"SYNC_SERVER_OK", "context":{"environment":"Prod_southeastasia_prod-s01-064-apac-southeastasia", "migrationStage":"NotStarted", "server":"akswtt00200001a"}}
{"logTime": "0703/160048", "correlationVector":"V0vcu0tf5fYg/d5rPKfcpx.2","action":"ProcessGetUpdates", "result":"Done", "context":{"dataType":"History", "deleted":"0", "process_failed_to_decrypt":"0", "process_pending_decryption":"0", "process_success":"250", "total":"250"}}
{"logTime": "0703/160048", "correlationVector":"V0vcu0tf5fYg/d5rPKfcpx.3","action":"GetUpdates Response", "result":"Success", "context":Received 250 update(s). cV=V0vcu0tf5fYg/d5rPKfcpx.0;server=akswtt00200001a;cloudType=Consumer;environment=Prod_southeastasia_prod-s01-064-apac-southeastasia;migrationStage=NotStarted Some updates remain.}
{"logTime": "0703/160048", "correlationVector":"7bhevefvVYks8aNEqHbjAA","action":"Initial GetUpdates", "result":"", "context":Reason: NEWLY_SUPPORTED_DATATYPE. cV=7bhevefvVYks8aNEqHbjAA}
{"logTime": "0703/160048", "correlationVector":"7bhevefvVYks8aNEqHbjAA.1","action":"SyncServerConnectionManagerRequest", "result":"SYNC_SERVER_OK", "context":{"environment":"Prod_southeastasia_prod-s01-064-apac-southeastasia", "migrationStage":"NotStarted", "server":"akswtt002000019"}}
{"logTime": "0703/160048", "correlationVector":"7bhevefvVYks8aNEqHbjAA.2","action":"ProcessGetUpdates", "result":"Done", "context":{"dataType":"History", "deleted":"0", "process_failed_to_decrypt":"0", "process_pending_decryption":"0", "process_success":"250", "total":"250"}}
{"logTime": "0703/160048", "correlationVector":"7bhevefvVYks8aNEqHbjAA.3","action":"GetUpdates Response", "result":"Success", "context":Received 250 update(s). cV=7bhevefvVYks8aNEqHbjAA.0;server=akswtt002000019;cloudType=Consumer;environment=Prod_southeastasia_prod-s01-064-apac-southeastasia;migrationStage=NotStarted Some updates remain.}
{"logTime": "0703/160048", "correlationVector":"+cWYbBkrmT34gs+wLXYBiF","action":"Initial GetUpdates", "result":"", "context":Reason: NEWLY_SUPPORTED_DATATYPE. cV=+cWYbBkrmT34gs+wLXYBiF}
{"logTime": "0703/160048", "correlationVector":"+cWYbBkrmT34gs+wLXYBiF.1","action":"SyncServerConnectionManagerRequest", "result":"SYNC_SERVER_OK", "context":{"environment":"Prod_southeastasia_prod-s01-064-apac-southeastasia", "migrationStage":"NotStarted", "server":"akswtt00200001b"}}
{"logTime": "0703/160048", "correlationVector":"+cWYbBkrmT34gs+wLXYBiF.2","action":"ProcessGetUpdates", "result":"Done", "context":{"dataType":"History", "deleted":"0", "process_failed_to_decrypt":"0", "process_pending_decryption":"0", "process_success":"230", "total":"230"}}
{"logTime": "0703/160048", "correlationVector":"+cWYbBkrmT34gs+wLXYBiF.3","action":"GetUpdates Response", "result":"Success", "context":Received 230 update(s). cV=+cWYbBkrmT34gs+wLXYBiF.0;server=akswtt00200001b;cloudType=Consumer;environment=Prod_southeastasia_prod-s01-064-apac-southeastasia;migrationStage=NotStarted}
{"logTime": "0703/160048", "correlationVector":"satqiV9DEBKxTsgW8JjQEW","action":"Normal GetUpdate request", "result":"", "context":cV=satqiV9DEBKxTsgW8JjQEW
Nudged types: Sessions, Device Info, User Consents
Refresh requested types: Bookmarks, Preferences, Passwords, Autofill Profiles, Autofill, Extensions, Sessions, Extension settings, History Delete Directives, Device Info, User Consents, Send Tab To Self, Web Apps, History, Saved Tab Group, WebAuthn Credentials, Edge E Drop, Edge Hub App Usage, Edge Wallet, Edge Workspace, Encryption Keys}
{"logTime": "0703/160049", "correlationVector":"satqiV9DEBKxTsgW8JjQEW.1","action":"SyncServerConnectionManagerRequest", "result":"SYNC_SERVER_OK", "context":{"environment":"Prod_southeastasia_prod-s01-064-apac-southeastasia", "migrationStage":"NotStarted", "server":"akswtt00200001b"}}
{"logTime": "0703/160049", "correlationVector":"satqiV9DEBKxTsgW8JjQEW.2","action":"GetUpdates Response", "result":"Success", "context":Received 0 update(s). cV=satqiV9DEBKxTsgW8JjQEW.0;server=akswtt00200001b;cloudType=Consumer;environment=Prod_southeastasia_prod-s01-064-apac-southeastasia;migrationStage=NotStarted}
{"logTime": "0703/160049", "correlationVector":"dDcoXIfa/ZVsmdDziHQzUq","action":"DoCompareDataConsistency requsted types: ", "result":"Bookmarks, Preferences, Passwords, Extensions, Extension settings, History Delete Directives, Send Tab To Self, Web Apps, History, Saved Tab Group, WebAuthn Credentials, Edge E Drop, Edge Wallet, Edge Workspace, Encryption Keys"}
{"logTime": "0703/160049", "correlationVector":"dDcoXIfa/ZVsmdDziHQzUq.0","action":"CompareDataConsistency result: ", "result":"Compare result: Encryption Keys is consistent. local entities count is: 1 local entities hash is: RwJHzSQzIt2Bv87OFfS7sQ2kx70="}
{"logTime": "0703/160049", "correlationVector":"dDcoXIfa/ZVsmdDziHQzUq.1","action":"CompareDataConsistency result: ", "result":"Compare result: Bookmarks is consistent. local entities count is: 12 local entities hash is: 4Gh6W5J9zAfVQnWg7G6zVru5vJA="}
{"logTime": "0703/160049", "correlationVector":"dDcoXIfa/ZVsmdDziHQzUq.2","action":"CompareDataConsistency result: ", "result":"Compare result: Preferences is consistent. local entities count is: 91 local entities hash is: FDpfSInD3iefoniYU3IUNgS5Ydw="}
{"logTime": "0703/160049", "correlationVector":"dDcoXIfa/ZVsmdDziHQzUq.3","action":"CompareDataConsistency result: ", "result":"Compare result: Extensions is consistent. local entities count is: 3 local entities hash is: Vj4Jb7CMIGxXVQOYnTsb3ReBk4I="}
{"logTime": "0703/160049", "correlationVector":"dDcoXIfa/ZVsmdDziHQzUq.4","action":"CompareDataConsistency result: ", "result":"Compare result: Extension settings is consistent. local entities count is: 1 local entities hash is: mq/0QvISObNJ5PL3fOIARDFgMC4="}
{"logTime": "0703/160049", "correlationVector":"dDcoXIfa/ZVsmdDziHQzUq.5","action":"CompareDataConsistency result: ", "result":"Compare result: History Delete Directives is inconsistent. server entities count is: 1 server entities hash is: MXO9GXGs4P1fHD3sqhkWAPdI/eg= local entities count is: 0 local entities hash is: "}
{"logTime": "0703/160049", "correlationVector":"dDcoXIfa/ZVsmdDziHQzUq.6","action":"CompareDataConsistency result: ", "result":"Server did not send this Send Tab To Self local entities count is: 0 local entities hash is: "}
{"logTime": "0703/160049", "correlationVector":"dDcoXIfa/ZVsmdDziHQzUq.7","action":"CompareDataConsistency result: ", "result":"Compare result: Web Apps is consistent. local entities count is: 2 local entities hash is: 9wDuiVWQ4xz8yk7iZOQWKe3C0z8="}
{"logTime": "0703/160049", "correlationVector":"dDcoXIfa/ZVsmdDziHQzUq.8","action":"CompareDataConsistency result: ", "result":"Server did not send this History local entities count is: 0 local entities hash is: "}
{"logTime": "0703/160049", "correlationVector":"dDcoXIfa/ZVsmdDziHQzUq.9","action":"CompareDataConsistency result: ", "result":"Compare result: Saved Tab Group is consistent. local entities count is: 0 local entities hash is: "}
{"logTime": "0703/160049", "correlationVector":"dDcoXIfa/ZVsmdDziHQzUq.10","action":"CompareDataConsistency result: ", "result":"Server did not send this WebAuthn Credentials local entities count is: 1 local entities hash is: ZH3UosYSv/1P0EkXlPyxCF/z9vI="}
{"logTime": "0703/160049", "correlationVector":"dDcoXIfa/ZVsmdDziHQzUq.11","action":"CompareDataConsistency result: ", "result":"Compare result: Edge E Drop is consistent. local entities count is: 0 local entities hash is: "}
{"logTime": "0703/160049", "correlationVector":"dDcoXIfa/ZVsmdDziHQzUq.12","action":"CompareDataConsistency result: ", "result":"Compare result: Edge Wallet is consistent. local entities count is: 0 local entities hash is: "}
{"logTime": "0703/160049", "correlationVector":"dDcoXIfa/ZVsmdDziHQzUq.13","action":"CompareDataConsistency result: ", "result":"Server did not send this Edge Workspace local entities count is: 0 local entities hash is: "}
{"logTime": "0703/160049", "correlationVector":"dDcoXIfa/ZVsmdDziHQzUq.14","action":"CompareDataConsistency result: ", "result":"Compare result: Passwords is consistent. local entities count is: 23 local entities hash is: 4dYiN6jYjoCr0x0IBgXyDgEkYQM="}
{"logTime": "0703/160049", "correlationVector":"SlyUXc8uu0pmquFnyH0Unx","action":"Commit Request", "result":"", "context":Item count: 4
Contributing types: Sessions, Device Info, User Consents}
{"logTime": "0703/160049", "correlationVector":"SlyUXc8uu0pmquFnyH0Unx.1","action":"SyncServerConnectionManagerRequest", "result":"SYNC_SERVER_OK", "context":{"environment":"Prod_southeastasia_prod-s01-064-apac-southeastasia", "migrationStage":"NotStarted", "server":"akswtt00200000a"}}
{"logTime": "0703/160049", "correlationVector":"SlyUXc8uu0pmquFnyH0Unx.2","action":"Commit Response", "result":"Success", "context":Result: Success. cV=SlyUXc8uu0pmquFnyH0Unx.0;server=akswtt00200000a;cloudType=Consumer;environment=Prod_southeastasia_prod-s01-064-apac-southeastasia;migrationStage=NotStarted}
{"logTime": "0703/160050", "correlationVector":"","action":"DIAGNOSTIC_REQUEST|v1/diagnosticData/Diagnostic.SendCheckResult()|SUCCESS", "result":""}
{"logTime": "0703/160054", "correlationVector":"7LaKCDbmTwclr6veoPvvz3","action":"Commit Request", "result":"", "context":Item count: 23
Contributing types: Preferences, Passwords}
{"logTime": "0703/160055", "correlationVector":"7LaKCDbmTwclr6veoPvvz3.1","action":"SyncServerConnectionManagerRequest", "result":"SYNC_SERVER_OK", "context":{"environment":"Prod_southeastasia_prod-s01-064-apac-southeastasia", "migrationStage":"NotStarted", "server":"akswtt00200000o"}}
{"logTime": "0703/160055", "correlationVector":"7LaKCDbmTwclr6veoPvvz3.2","action":"Commit Response", "result":"Success", "context":Result: Success. cV=7LaKCDbmTwclr6veoPvvz3.0;server=akswtt00200000o;cloudType=Consumer;environment=Prod_southeastasia_prod-s01-064-apac-southeastasia;migrationStage=NotStarted}
{"logTime": "0703/160128", "correlationVector":"lJYMpo0yPd0YgfoQNKgHTO","action":"Commit Request", "result":"", "context":Item count: 7
Contributing types: Extensions, Sessions, History}
{"logTime": "0703/160129", "correlationVector":"lJYMpo0yPd0YgfoQNKgHTO.1","action":"SyncServerConnectionManagerRequest", "result":"SYNC_SERVER_OK", "context":{"environment":"Prod_southeastasia_prod-s01-064-apac-southeastasia", "migrationStage":"NotStarted", "server":"akswtt00200000v"}}
{"logTime": "0703/160129", "correlationVector":"lJYMpo0yPd0YgfoQNKgHTO.2","action":"Commit Response", "result":"Success", "context":Result: Success. cV=lJYMpo0yPd0YgfoQNKgHTO.0;server=akswtt00200000v;cloudType=Consumer;environment=Prod_southeastasia_prod-s01-064-apac-southeastasia;migrationStage=NotStarted}
{"logTime": "0703/160132", "correlationVector":"rGi2R/MG4V8TtbEe2q7zil","action":"Commit Request", "result":"", "context":Item count: 23
Contributing types: Passwords}
{"logTime": "0703/160134", "correlationVector":"rGi2R/MG4V8TtbEe2q7zil.1","action":"SyncServerConnectionManagerRequest", "result":"SYNC_SERVER_OK", "context":{"environment":"Prod_southeastasia_prod-s01-064-apac-southeastasia", "migrationStage":"NotStarted", "server":"akswtt00200001e"}}
{"logTime": "0703/160134", "correlationVector":"rGi2R/MG4V8TtbEe2q7zil.2","action":"Commit Response", "result":"Success", "context":Result: Success. cV=rGi2R/MG4V8TtbEe2q7zil.0;server=akswtt00200001e;cloudType=Consumer;environment=Prod_southeastasia_prod-s01-064-apac-southeastasia;migrationStage=NotStarted}
{"logTime": "0703/160213", "correlationVector":"7bok/8ONqkBs4cuhpc/NKB","action":"Commit Request", "result":"", "context":Item count: 1
Contributing types: Extensions}
{"logTime": "0703/160213", "correlationVector":"7bok/8ONqkBs4cuhpc/NKB.1","action":"SyncServerConnectionManagerRequest", "result":"SYNC_SERVER_OK", "context":{"environment":"Prod_southeastasia_prod-s01-064-apac-southeastasia", "migrationStage":"NotStarted", "server":"akswtt00200001o"}}
{"logTime": "0703/160213", "correlationVector":"7bok/8ONqkBs4cuhpc/NKB.2","action":"Commit Response", "result":"Success", "context":Result: Success. cV=7bok/8ONqkBs4cuhpc/NKB.0;server=akswtt00200001o;cloudType=Consumer;environment=Prod_southeastasia_prod-s01-064-apac-southeastasia;migrationStage=NotStarted}
{"logTime": "0703/160343", "correlationVector":"tKltBRkfX1TWXfasTheWRx","action":"Commit Request", "result":"", "context":Item count: 7
Contributing types: Extensions, Sessions, History}
{"logTime": "0703/160344", "correlationVector":"tKltBRkfX1TWXfasTheWRx.1","action":"SyncServerConnectionManagerRequest", "result":"SYNC_SERVER_OK", "context":{"environment":"Prod_southeastasia_prod-s01-064-apac-southeastasia", "migrationStage":"NotStarted", "server":"akswtt00200000o"}}
{"logTime": "0703/160344", "correlationVector":"tKltBRkfX1TWXfasTheWRx.2","action":"Commit Response", "result":"Success", "context":Result: Success. cV=tKltBRkfX1TWXfasTheWRx.0;server=akswtt00200000o;cloudType=Consumer;environment=Prod_southeastasia_prod-s01-064-apac-southeastasia;migrationStage=NotStarted}
