2026-07-03 16:00:32.503: [INFO] VisibilityChanged: 0
2026-07-03 16:00:32.523: [INFO] RecordSyncInitDuration has_sync_been_enabled: 0 state: 0
2026-07-03 16:00:32.525: [INFO] RecordSyncInitDuration has_sync_been_enabled: 0 state: 0
2026-07-03 16:00:32.527: [INFO] RecordSyncInitDuration has_sync_been_enabled: 0 state: 0
2026-07-03 16:00:32.529: [INFO] RecordSyncInitDuration has_sync_been_enabled: 0 state: 0
2026-07-03 16:00:32.531: [INFO] RecordSyncInitDuration has_sync_been_enabled: 0 state: 0
2026-07-03 16:00:32.533: [INFO] RecordSyncInitDuration has_sync_been_enabled: 0 state: 0
2026-07-03 16:00:32.535: [INFO] RecordSyncInitDuration has_sync_been_enabled: 0 state: 0
2026-07-03 16:00:32.538: [INFO] RecordSyncInitDuration has_sync_been_enabled: 0 state: 0
2026-07-03 16:00:32.540: [INFO] RecordSyncInitDuration has_sync_been_enabled: 0 state: 0
2026-07-03 16:00:32.542: [INFO] RecordSyncInitDuration has_sync_been_enabled: 0 state: 0
2026-07-03 16:00:32.544: [INFO] RecordSyncInitDuration has_sync_been_enabled: 0 state: 0
2026-07-03 16:00:32.553: [INFO] BookmarkModelLoaded, ids_reassigned: 0
2026-07-03 16:00:32.553: [INFO] OnDoneLoading sync enabled: 0
2026-07-03 16:00:32.630: [INFO] RecordSyncInitDuration has_sync_been_enabled: 0 state: 0
2026-07-03 16:00:34.814: [INFO] RecordSyncInitDuration has_sync_been_enabled: 0 state: 0
2026-07-03 16:00:34.817: [INFO] RecordSyncInitDuration has_sync_been_enabled: 0 state: 3
2026-07-03 16:00:34.818: [INFO] Primary account changed.
2026-07-03 16:00:34.818: [INFO] OnPrimaryAccountChanged PrimaryAccountChangeEvent::Type::kSet
2026-07-03 16:00:34.823: [INFO] RecordSyncInitDuration has_sync_been_enabled: 0 state: 3
2026-07-03 16:00:34.837: [INFO] RecordSyncInitDuration has_sync_been_enabled: 0 state: 3
2026-07-03 16:00:39.043: [INFO] BookmarkNodeAdded, ABU: 0
2026-07-03 16:00:39.044: [INFO] BookmarkNodeAdded, ABU: 0
2026-07-03 16:00:39.044: [INFO] BookmarkNodeAdded, ABU: 0
2026-07-03 16:00:39.044: [INFO] BookmarkNodeAdded, ABU: 0
2026-07-03 16:00:39.045: [INFO] BookmarkNodeAdded, ABU: 0
2026-07-03 16:00:39.045: [INFO] BookmarkNodeAdded, ABU: 0
2026-07-03 16:00:39.045: [INFO] BookmarkNodeAdded, ABU: 0
2026-07-03 16:00:39.046: [INFO] BookmarkNodeAdded, ABU: 0
2026-07-03 16:00:39.046: [INFO] BookmarkNodeAdded, ABU: 0
2026-07-03 16:00:39.046: [INFO] BookmarkNodeAdded, ABU: 0
2026-07-03 16:00:39.047: [INFO] BookmarkNodeAdded, ABU: 0
2026-07-03 16:00:39.047: [INFO] BookmarkNodeAdded, ABU: 0
2026-07-03 16:00:43.011: [INFO] Sync initialization duration: 8134ms
